<?xml version="1.0" encoding="UTF-8"?>
<!-- Generated by org.testng.reporters.JUnitReportReporter -->
<testsuite hostname="RAYAN" failures="0" tests="1" name="Gold_TestRunner.Gold_TestRunner" time="26.520" errors="0" timestamp="2023-10-06T22:14:22 EDT" skipped="0">
  <testcase classname="Gold_TestRunner.Gold_TestRunner" name="feature" time="26.520"/>
</testsuite> <!-- Gold_TestRunner.Gold_TestRunner -->
